<?xml version="1.0" encoding="UTF-8"?>
<!-- Generated by org.testng.reporters.JUnitXMLReporter -->
<testsuite hostname="Pavanis-MacBook-Pro.local" name="Command line test a51cad3b-d15c-4dd4-8e37-95bbbb530b4b" tests="3" failures="0" timestamp="30 Sep 2015 02:50:35 GMT" time="0.339" errors="0">
  <testcase name="login" time="0.305" classname="test.com.scr.dao.impl.StudentDAOImplTest"/>
  <testcase name="login" time="0.003" classname="test.com.scr.dao.impl.StudentDAOImplTest"/>
  <testcase name="login" time="0.003" classname="test.com.scr.dao.impl.StudentDAOImplTest"/>
</testsuite> <!-- Command line test a51cad3b-d15c-4dd4-8e37-95bbbb530b4b -->
