<?xml version="1.0" encoding="UTF-8"?>
<!-- Generated by org.testng.reporters.JUnitXMLReporter -->
<testsuite hostname="Pavanis-MacBook-Pro.local" name="Command line test b15eb4b5-e3e5-4c9d-9f83-62a60a21f148" tests="3" failures="0" timestamp="30 Sep 2015 02:52:51 GMT" time="0.458" errors="0">
  <testcase name="getStudentDetails" time="0.4" classname="test.com.scr.dao.impl.StudentDAOImplTest"/>
  <testcase name="getStudentDetails" time="0.003" classname="test.com.scr.dao.impl.StudentDAOImplTest"/>
  <testcase name="getStudentDetails" time="0.003" classname="test.com.scr.dao.impl.StudentDAOImplTest"/>
</testsuite> <!-- Command line test b15eb4b5-e3e5-4c9d-9f83-62a60a21f148 -->
