<?xml version="1.0" encoding="UTF-8"?>
<testng-results skipped="0" failed="0" total="1" passed="1">
  <reporter-output>
  </reporter-output>
  <suite name="Default suite" duration-ms="312" started-at="2015-10-17T23:34:35Z" finished-at="2015-10-17T23:34:35Z">
    <groups>
    </groups>
    <test name="Default test" duration-ms="312" started-at="2015-10-17T23:34:35Z" finished-at="2015-10-17T23:34:35Z">
      <class name="com.scr.dao.impl.BooksDAOImplTest">
        <test-method status="PASS" signature="beforeClass()[pri:0, instance:com.scr.dao.impl.BooksDAOImplTest@3b6eb2ec]" name="beforeClass" is-config="true" duration-ms="18" started-at="2015-10-17T16:34:35Z" finished-at="2015-10-17T16:34:35Z">
          <reporter-output>
          </reporter-output>
        </test-method> <!-- beforeClass -->
        <test-method status="PASS" signature="getBooksList_Test()[pri:0, instance:com.scr.dao.impl.BooksDAOImplTest@3b6eb2ec]" name="getBooksList_Test" duration-ms="283" started-at="2015-10-17T16:34:35Z" finished-at="2015-10-17T16:34:35Z">
          <reporter-output>
          </reporter-output>
        </test-method> <!-- getBooksList_Test -->
      </class> <!-- com.scr.dao.impl.BooksDAOImplTest -->
    </test> <!-- Default test -->
  </suite> <!-- Default suite -->
</testng-results>
